<?xml version="1.0" encoding="UTF-8"?>
<testng-results ignored="0" total="2" passed="2" failed="0" skipped="0">
  <reporter-output>
  </reporter-output>
  <suite started-at="2021-10-16T11:44:18 ICT" name="Default suite" finished-at="2021-10-16T11:44:24 ICT" duration-ms="6384">
    <groups>
    </groups>
    <test started-at="2021-10-16T11:44:18 ICT" name="Default test" finished-at="2021-10-16T11:44:24 ICT" duration-ms="6384">
      <class name="TH_TestNG.LG_test">
        <test-method is-config="true" signature="open_browser()[pri:0, instance:TH_TestNG.LG_test@4386f16]" started-at="2021-10-16T11:44:18 ICT" name="open_browser" finished-at="2021-10-16T11:44:21 ICT" duration-ms="3733" status="PASS">
          <reporter-output>
          </reporter-output>
        </test-method> <!-- open_browser -->
        <test-method is-config="true" signature="verify_homepage()[pri:0, instance:TH_TestNG.LG_test@4386f16]" started-at="2021-10-16T11:44:21 ICT" name="verify_homepage" finished-at="2021-10-16T11:44:21 ICT" duration-ms="9" status="PASS">
          <reporter-output>
          </reporter-output>
        </test-method> <!-- verify_homepage -->
        <test-method signature="v_rfgis()[pri:1, instance:TH_TestNG.LG_test@4386f16]" started-at="2021-10-16T11:44:21 ICT" name="v_rfgis" finished-at="2021-10-16T11:44:22 ICT" duration-ms="645" status="PASS">
          <reporter-output>
          </reporter-output>
        </test-method> <!-- v_rfgis -->
        <test-method is-config="true" signature="back_homepage_2()[pri:0, instance:TH_TestNG.LG_test@4386f16]" started-at="2021-10-16T11:44:22 ICT" name="back_homepage_2" finished-at="2021-10-16T11:44:23 ICT" duration-ms="617" status="PASS">
          <reporter-output>
          </reporter-output>
        </test-method> <!-- back_homepage_2 -->
        <test-method is-config="true" signature="verify_homepage()[pri:0, instance:TH_TestNG.LG_test@4386f16]" started-at="2021-10-16T11:44:23 ICT" name="verify_homepage" finished-at="2021-10-16T11:44:23 ICT" duration-ms="6" status="PASS">
          <reporter-output>
          </reporter-output>
        </test-method> <!-- verify_homepage -->
        <test-method signature="click_support()[pri:2, instance:TH_TestNG.LG_test@4386f16]" started-at="2021-10-16T11:44:23 ICT" name="click_support" finished-at="2021-10-16T11:44:23 ICT" duration-ms="626" status="PASS">
          <reporter-output>
          </reporter-output>
        </test-method> <!-- click_support -->
        <test-method is-config="true" signature="back_homepage_2()[pri:0, instance:TH_TestNG.LG_test@4386f16]" started-at="2021-10-16T11:44:23 ICT" name="back_homepage_2" finished-at="2021-10-16T11:44:24 ICT" duration-ms="611" status="PASS">
          <reporter-output>
          </reporter-output>
        </test-method> <!-- back_homepage_2 -->
        <test-method is-config="true" signature="close_browser()[pri:0, instance:TH_TestNG.LG_test@4386f16]" started-at="2021-10-16T11:44:24 ICT" name="close_browser" finished-at="2021-10-16T11:44:24 ICT" duration-ms="97" status="PASS">
          <reporter-output>
          </reporter-output>
        </test-method> <!-- close_browser -->
      </class> <!-- TH_TestNG.LG_test -->
    </test> <!-- Default test -->
  </suite> <!-- Default suite -->
</testng-results>
